<?xml version="1.0" encoding="UTF-8"?>
<testng-results ignored="0" total="1" passed="1" failed="0" skipped="0">
  <reporter-output>
  </reporter-output>
  <suite started-at="2024-05-03T05:16:24 GMT" name="Default suite" finished-at="2024-05-03T05:16:24 GMT" duration-ms="895">
    <groups>
    </groups>
    <test started-at="2024-05-03T05:16:24 GMT" name="Default test" finished-at="2024-05-03T05:16:24 GMT" duration-ms="895">
      <class name="testscrip.PlaceOrderTest">
        <test-method is-config="true" signature="Website()[pri:0, instance:testscrip.PlaceOrderTest@5db4c359]" started-at="2024-05-03T05:16:24 GMT" name="Website" finished-at="2024-05-03T05:16:24 GMT" duration-ms="51" status="PASS">
          <reporter-output>
          </reporter-output>
        </test-method> <!-- Website -->
        <test-method signature="Login()[pri:0, instance:testscrip.PlaceOrderTest@5db4c359]" started-at="2024-05-03T05:16:24 GMT" name="Login" finished-at="2024-05-03T05:16:24 GMT" duration-ms="790" status="PASS">
          <reporter-output>
          </reporter-output>
        </test-method> <!-- Login -->
      </class> <!-- testscrip.PlaceOrderTest -->
    </test> <!-- Default test -->
  </suite> <!-- Default suite -->
</testng-results>
